<?xml version="1.0" encoding="UTF-8"?>
<testng-results ignored="0" total="1" passed="1" failed="0" skipped="0">
  <reporter-output>
  </reporter-output>
  <suite started-at="2025-10-13T02:30:44 WIB" name="Surefire suite" finished-at="2025-10-13T02:30:52 WIB" duration-ms="7708">
    <groups>
    </groups>
    <test started-at="2025-10-13T02:30:44 WIB" name="Surefire test" finished-at="2025-10-13T02:30:52 WIB" duration-ms="7708">
      <class name="automation.StandAloneTest">
        <test-method is-config="true" signature="SetUp()[pri:0, instance:automation.StandAloneTest@22a637e7]" started-at="2025-10-13T02:30:44 WIB" name="SetUp" finished-at="2025-10-13T02:30:47 WIB" duration-ms="2849" status="PASS">
          <reporter-output>
          </reporter-output>
        </test-method> <!-- SetUp -->
        <test-method signature="ValidLoginTest()[pri:0, instance:automation.StandAloneTest@22a637e7]" started-at="2025-10-13T02:30:47 WIB" name="ValidLoginTest" finished-at="2025-10-13T02:30:51 WIB" duration-ms="4452" status="PASS">
          <reporter-output>
          </reporter-output>
        </test-method> <!-- ValidLoginTest -->
        <test-method is-config="true" signature="tearDown()[pri:0, instance:automation.StandAloneTest@22a637e7]" started-at="2025-10-13T02:30:51 WIB" name="tearDown" finished-at="2025-10-13T02:30:52 WIB" duration-ms="342" status="PASS">
          <reporter-output>
          </reporter-output>
        </test-method> <!-- tearDown -->
      </class> <!-- automation.StandAloneTest -->
    </test> <!-- Surefire test -->
  </suite> <!-- Surefire suite -->
</testng-results>
